<?xml version="1.0" encoding="UTF-8"?>
<testsuite name="TestSuite" time="15.762" tests="1" errors="0" skipped="0" failures="1">
  <properties>
[...]
</properties>
  <testcase name="googleTest" classname="com.gpom.testcasespackage.Testcases" time="15.762">
    <failure message="expected:&lt;zadaniem testu&gt; but was:&lt;Luksusowe zadanie testowe&gt;" type="java.lang.AssertionError"><![CDATA[java.lang.AssertionError: expected:<zadaniem testu> but was:<Luksusowe zadanie testowe>
	at org.testng.Assert.fail(Assert.java:89)
	at org.testng.Assert.failNotEquals(Assert.java:489)
	at org.testng.Assert.assertEquals(Assert.java:118)
	at org.testng.Assert.assertEquals(Assert.java:171)
	at org.testng.Assert.assertEquals(Assert.java:181)
	at com.gpom.gproject.googlepages.Translatepage.enterText(Translatepage.java:72)
	at com.gpom.testcasespackage.Testcases.googleTest(Testcases.java:37)
]]></failure>
    <system-err><![CDATA[Starting ChromeDriver 2.29.461591 (62ebf098771772160f391d75e589dc567915b233) on port 10512
Only local connections are allowed.
Jul 29, 2017 9:27:49 PM org.openqa.selenium.remote.ProtocolHandshake createSession
INFO: Detected dialect: OSS
]]></system-err>
  </testcase>
</testsuite>